<?xml version="1.0" encoding="UTF-8"?>
<testsuite xmlns:xsi="http://www.w3.org/2001/XMLSchema-instance" xsi:noNamespaceSchemaLocation="https://maven.apache.org/surefire/maven-surefire-plugin/xsd/surefire-test-report.xsd" name="com.example.springbootssm.SpringbootssmApplicationTests" time="2.681" tests="1" errors="1" skipped="0" failures="0">
  <properties>
[...]
</properties>
  <testcase name="contextLoads" classname="com.example.springbootssm.SpringbootssmApplicationTests" time="0.489">
    <error message="&#10;### Error querying database.  Cause: java.sql.SQLSyntaxErrorException: Table &apos;db1.book&apos; doesn&apos;t exist&#10;### The error may exist in com/itheima/dao/BookDao.java (best guess)&#10;### The error may involve defaultParameterMap&#10;### The error occurred while setting parameters&#10;### SQL: SELECT COUNT(*) FROM book&#10;### Cause: java.sql.SQLSyntaxErrorException: Table &apos;db1.book&apos; doesn&apos;t exist&#10;; bad SQL grammar []; nested exception is java.sql.SQLSyntaxErrorException: Table &apos;db1.book&apos; doesn&apos;t exist" type="org.springframework.jdbc.BadSqlGrammarException">org.springframework.jdbc.BadSqlGrammarException: 

### Error querying database.  Cause: java.sql.SQLSyntaxErrorException: Table 'db1.book' doesn't exist
### The error may exist in com/itheima/dao/BookDao.java (best guess)
### The error may involve defaultParameterMap
### The error occurred while setting parameters
### SQL: SELECT COUNT(*) FROM book
### Cause: java.sql.SQLSyntaxErrorException: Table 'db1.book' doesn't exist
; bad SQL grammar []; nested exception is java.sql.SQLSyntaxErrorException: Table 'db1.book' doesn't exist
	at com.example.springbootssm.SpringbootssmApplicationTests.contextLoads(SpringbootssmApplicationTests.java:22)
Caused by: java.sql.SQLSyntaxErrorException: Table 'db1.book' doesn't exist
	at com.example.springbootssm.SpringbootssmApplicationTests.contextLoads(SpringbootssmApplicationTests.java:22)
</error>
    <system-out><![CDATA[14:44:01.076 [main] DEBUG org.springframework.test.context.BootstrapUtils - Instantiating CacheAwareContextLoaderDelegate from class [org.springframework.test.context.cache.DefaultCacheAwareContextLoaderDelegate]
14:44:01.083 [main] DEBUG org.springframework.test.context.BootstrapUtils - Instantiating BootstrapContext using constructor [public org.springframework.test.context.support.DefaultBootstrapContext(java.lang.Class,org.springframework.test.context.CacheAwareContextLoaderDelegate)]
14:44:01.102 [main] DEBUG org.springframework.test.context.BootstrapUtils - Instantiating TestContextBootstrapper for test class [com.example.springbootssm.SpringbootssmApplicationTests] from class [org.springframework.boot.test.context.SpringBootTestContextBootstrapper]
14:44:01.109 [main] INFO org.springframework.boot.test.context.SpringBootTestContextBootstrapper - Neither @ContextConfiguration nor @ContextHierarchy found for test class [com.example.springbootssm.SpringbootssmApplicationTests], using SpringBootContextLoader
14:44:01.111 [main] DEBUG org.springframework.test.context.support.AbstractContextLoader - Did not detect default resource location for test class [com.example.springbootssm.SpringbootssmApplicationTests]: class path resource [com/example/springbootssm/SpringbootssmApplicationTests-context.xml] does not exist
14:44:01.111 [main] DEBUG org.springframework.test.context.support.AbstractContextLoader - Did not detect default resource location for test class [com.example.springbootssm.SpringbootssmApplicationTests]: class path resource [com/example/springbootssm/SpringbootssmApplicationTestsContext.groovy] does not exist
14:44:01.111 [main] INFO org.springframework.test.context.support.AbstractContextLoader - Could not detect default resource locations for test class [com.example.springbootssm.SpringbootssmApplicationTests]: no resource found for suffixes {-context.xml, Context.groovy}.
14:44:01.112 [main] INFO org.springframework.test.context.support.AnnotationConfigContextLoaderUtils - Could not detect default configuration classes for test class [com.example.springbootssm.SpringbootssmApplicationTests]: SpringbootssmApplicationTests does not declare any static, non-private, non-final, nested classes annotated with @Configuration.
14:44:01.133 [main] DEBUG org.springframework.test.context.support.ActiveProfilesUtils - Could not find an 'annotation declaring class' for annotation type [org.springframework.test.context.ActiveProfiles] and class [com.example.springbootssm.SpringbootssmApplicationTests]
14:44:01.183 [main] DEBUG org.springframework.context.annotation.ClassPathScanningCandidateComponentProvider - Identified candidate component class: file [/Users/wangyang/Desktop/SSM/springboot/springbootssm/target/classes/com/SpringbootssmApplication.class]
14:44:01.183 [main] INFO org.springframework.boot.test.context.SpringBootTestContextBootstrapper - Found @SpringBootConfiguration com.SpringbootssmApplication for test class com.example.springbootssm.SpringbootssmApplicationTests
14:44:01.239 [main] DEBUG org.springframework.boot.test.context.SpringBootTestContextBootstrapper - @TestExecutionListeners is not present for class [com.example.springbootssm.SpringbootssmApplicationTests]: using defaults.
14:44:01.239 [main] INFO org.springframework.boot.test.context.SpringBootTestContextBootstrapper - Loaded default TestExecutionListener class names from location [META-INF/spring.factories]: [org.springframework.boot.test.mock.mockito.MockitoTestExecutionListener, org.springframework.boot.test.mock.mockito.ResetMocksTestExecutionListener, org.springframework.boot.test.autoconfigure.restdocs.RestDocsTestExecutionListener, org.springframework.boot.test.autoconfigure.web.client.MockRestServiceServerResetTestExecutionListener, org.springframework.boot.test.autoconfigure.web.servlet.MockMvcPrintOnlyOnFailureTestExecutionListener, org.springframework.boot.test.autoconfigure.web.servlet.WebDriverTestExecutionListener, org.springframework.boot.test.autoconfigure.webservices.client.MockWebServiceServerTestExecutionListener, org.springframework.test.context.web.ServletTestExecutionListener, org.springframework.test.context.support.DirtiesContextBeforeModesTestExecutionListener, org.springframework.test.context.event.ApplicationEventsTestExecutionListener, org.springframework.test.context.support.DependencyInjectionTestExecutionListener, org.springframework.test.context.support.DirtiesContextTestExecutionListener, org.springframework.test.context.transaction.TransactionalTestExecutionListener, org.springframework.test.context.jdbc.SqlScriptsTestExecutionListener, org.springframework.test.context.event.EventPublishingTestExecutionListener]
14:44:01.250 [main] INFO org.springframework.boot.test.context.SpringBootTestContextBootstrapper - Using TestExecutionListeners: [org.springframework.test.context.web.ServletTestExecutionListener@78e4deb0, org.springframework.test.context.support.DirtiesContextBeforeModesTestExecutionListener@6e9175d8, org.springframework.test.context.event.ApplicationEventsTestExecutionListener@7d0b7e3c, org.springframework.boot.test.mock.mockito.MockitoTestExecutionListener@15bb5034, org.springframework.boot.test.autoconfigure.SpringBootDependencyInjectionTestExecutionListener@4b741d6d, org.springframework.test.context.support.DirtiesContextTestExecutionListener@2eae8e6e, org.springframework.test.context.transaction.TransactionalTestExecutionListener@8f2ef19, org.springframework.test.context.jdbc.SqlScriptsTestExecutionListener@470734c3, org.springframework.test.context.event.EventPublishingTestExecutionListener@2cf3d63b, org.springframework.boot.test.mock.mockito.ResetMocksTestExecutionListener@7674f035, org.springframework.boot.test.autoconfigure.restdocs.RestDocsTestExecutionListener@69e153c5, org.springframework.boot.test.autoconfigure.web.client.MockRestServiceServerResetTestExecutionListener@173ed316, org.springframework.boot.test.autoconfigure.web.servlet.MockMvcPrintOnlyOnFailureTestExecutionListener@25ce9dc4, org.springframework.boot.test.autoconfigure.web.servlet.WebDriverTestExecutionListener@74ea2410, org.springframework.boot.test.autoconfigure.webservices.client.MockWebServiceServerTestExecutionListener@17f62e33]
14:44:01.252 [main] DEBUG org.springframework.test.context.support.AbstractDirtiesContextTestExecutionListener - Before test class: context [DefaultTestContext@2034b64c testClass = SpringbootssmApplicationTests, testInstance = [null], testMethod = [null], testException = [null], mergedContextConfiguration = [WebMergedContextConfiguration@75d3a5e0 testClass = SpringbootssmApplicationTests, locations = '{}', classes = '{class com.SpringbootssmApplication}', contextInitializerClasses = '[]', activeProfiles = '{}', propertySourceLocations = '{}', propertySourceProperties = '{org.springframework.boot.test.context.SpringBootTestContextBootstrapper=true}', contextCustomizers = set[org.springframework.boot.test.context.filter.ExcludeFilterContextCustomizer@48ae9b55, org.springframework.boot.test.json.DuplicateJsonObjectContextCustomizerFactory$DuplicateJsonObjectContextCustomizer@31d7b7bf, org.springframework.boot.test.mock.mockito.MockitoContextCustomizer@0, org.springframework.boot.test.web.client.TestRestTemplateContextCustomizer@3d51f06e, org.springframework.boot.test.autoconfigure.actuate.metrics.MetricsExportContextCustomizerFactory$DisableMetricExportContextCustomizer@35ef1869, org.springframework.boot.test.autoconfigure.properties.PropertyMappingContextCustomizer@0, org.springframework.boot.test.autoconfigure.web.servlet.WebDriverContextCustomizerFactory$Customizer@72057ecf, org.springframework.boot.test.context.SpringBootTestArgs@1, org.springframework.boot.test.context.SpringBootTestWebEnvironment@327471b5], resourceBasePath = 'src/main/webapp', contextLoader = 'org.springframework.boot.test.context.SpringBootContextLoader', parent = [null]], attributes = map['org.springframework.test.context.web.ServletTestExecutionListener.activateListener' -> true]], class annotated with @DirtiesContext [false] with mode [null].

  .   ____          _            __ _ _
 /\\ / ___'_ __ _ _(_)_ __  __ _ \ \ \ \
( ( )\___ | '_ | '_| | '_ \/ _` | \ \ \ \
 \\/  ___)| |_)| | | | | || (_| |  ) ) ) )
  '  |____| .__|_| |_|_| |_\__, | / / / /
 =========|_|==============|___/=/_/_/_/
 :: Spring Boot ::               (v2.7.13)

2023-10-25 14:44:01.457  INFO 7354 --- [           main] c.e.s.SpringbootssmApplicationTests      : Starting SpringbootssmApplicationTests using Java 1.8.0_362 on wangyangdeAir with PID 7354 (started by wangyang in /Users/wangyang/Desktop/SSM/springboot/springbootssm)
2023-10-25 14:44:01.458  INFO 7354 --- [           main] c.e.s.SpringbootssmApplicationTests      : No active profile set, falling back to 1 default profile: "default"
 _ _   |_  _ _|_. ___ _ |    _ 
| | |\/|_)(_| | |_\  |_)||_|_\ 
     /               |         
                        3.4.1 
2023-10-25 14:44:02.709  WARN 7354 --- [           main] c.b.m.core.injector.AbstractMethod       : [com.itheima.dao.BookDao.delete] Has been loaded by XML or SqlProvider or Mybatis's Annotation, so ignoring this injection for [class com.baomidou.mybatisplus.core.injector.methods.Delete]
2023-10-25 14:44:02.729  WARN 7354 --- [           main] c.b.m.core.injector.AbstractMethod       : [com.itheima.dao.BookDao.update] Has been loaded by XML or SqlProvider or Mybatis's Annotation, so ignoring this injection for [class com.baomidou.mybatisplus.core.injector.methods.Update]
2023-10-25 14:44:03.043  INFO 7354 --- [           main] o.s.b.a.w.s.WelcomePageHandlerMapping    : Adding welcome page: class path resource [static/index.html]
2023-10-25 14:44:03.219  INFO 7354 --- [           main] c.e.s.SpringbootssmApplicationTests      : Started SpringbootssmApplicationTests in 1.939 seconds (JVM running for 2.465)
2023-10-25 14:44:03.499  INFO 7354 --- [           main] com.alibaba.druid.pool.DruidDataSource   : {dataSource-1} inited
]]></system-out>
  </testcase>
</testsuite>